  TerraSim.cpp
C:\Users\broni\source\repos\TerraSim\heightmap.h(27,48): warning C4244: 'return': conversion from 'const int' to 'const float', possible loss of data
  (compiling source file 'TerraSim.cpp')
  
C:\Users\broni\source\repos\TerraSim\sculptor.hpp(8,33): warning C4244: 'initializing': conversion from 'float' to 'int', possible loss of data
  (compiling source file 'TerraSim.cpp')
  
C:\Users\broni\source\repos\TerraSim\sculptor.hpp(17,20): warning C4244: 'initializing': conversion from 'float' to 'int', possible loss of data
  (compiling source file 'TerraSim.cpp')
  
C:\Users\broni\source\repos\TerraSim\sculptor.hpp(18,18): warning C4244: 'initializing': conversion from 'float' to 'int', possible loss of data
  (compiling source file 'TerraSim.cpp')
  
C:\Users\broni\source\repos\TerraSim\sculptor.hpp(19,20): warning C4244: 'initializing': conversion from 'float' to 'int', possible loss of data
  (compiling source file 'TerraSim.cpp')
  
C:\Users\broni\source\repos\TerraSim\sculptor.hpp(20,18): warning C4244: 'initializing': conversion from 'float' to 'int', possible loss of data
  (compiling source file 'TerraSim.cpp')
  
C:\Users\broni\source\repos\TerraSim\raycaster.hpp(26,111): warning C4244: 'argument': conversion from 'T' to 'int', possible loss of data
C:\Users\broni\source\repos\TerraSim\raycaster.hpp(26,111): warning C4244:         with
C:\Users\broni\source\repos\TerraSim\raycaster.hpp(26,111): warning C4244:         [
C:\Users\broni\source\repos\TerraSim\raycaster.hpp(26,111): warning C4244:             T=float
C:\Users\broni\source\repos\TerraSim\raycaster.hpp(26,111): warning C4244:         ]
  (compiling source file 'TerraSim.cpp')
  
C:\Users\broni\source\repos\TerraSim\raycaster.hpp(26,92): warning C4244: 'argument': conversion from 'T' to 'int', possible loss of data
C:\Users\broni\source\repos\TerraSim\raycaster.hpp(26,92): warning C4244:         with
C:\Users\broni\source\repos\TerraSim\raycaster.hpp(26,92): warning C4244:         [
C:\Users\broni\source\repos\TerraSim\raycaster.hpp(26,92): warning C4244:             T=float
C:\Users\broni\source\repos\TerraSim\raycaster.hpp(26,92): warning C4244:         ]
  (compiling source file 'TerraSim.cpp')
  
C:\Users\broni\source\repos\TerraSim\TerraSim.cpp(45,13): warning C4244: 'initializing': conversion from 'float' to 'int', possible loss of data
C:\Users\broni\source\repos\TerraSim\TerraSim.cpp(45,27): warning C4244: 'initializing': conversion from 'float' to 'int', possible loss of data
C:\Users\broni\source\repos\TerraSim\TerraSim.cpp(88,17): warning C4244: 'initializing': conversion from 'float' to 'int', possible loss of data
  TerraSim.vcxproj -> C:\Users\broni\source\repos\TerraSim\x64\Debug\TerraSim.exe
